<?xml version="1.0" encoding="UTF-8"?>
<!-- Generated by org.testng.reporters.JUnitReportReporter -->
<testsuite hostname="Asads-MacBook-Pro.local" name="Test03" tests="1" failures="0" timestamp="12 Nov 2013 21:07:02 GMT" time="18.063" errors="0">
  <testcase name="testLink" time="18.063" classname="Test03"/>
</testsuite> <!-- Test03 -->
