<?xml version="1.0" encoding="UTF-8"?>
<!-- Generated by org.testng.reporters.JUnitReportReporter -->
<testsuite hostname="Asads-MacBook-Pro.local" name="Test04" tests="1" failures="0" timestamp="24 Oct 2013 19:16:05 GMT" time="10.902" errors="0">
  <testcase name="testLink" time="10.902" classname="Test04"/>
</testsuite> <!-- Test04 -->
