<?xml version="1.0" encoding="UTF-8"?>
<!-- Generated by org.testng.reporters.JUnitReportReporter -->
<testsuite hostname="Asads-MacBook-Pro.local" name="Test05" tests="1" failures="0" timestamp="12 Nov 2013 21:07:02 GMT" time="18.009" errors="0">
  <testcase name="testLink" time="18.009" classname="Test05"/>
</testsuite> <!-- Test05 -->
