<?xml version="1.0" encoding="UTF-8"?>
<!-- Generated by org.testng.reporters.JUnitReportReporter -->
<testsuite hostname="Asads-MacBook-Pro.local" name="Test01" tests="1" failures="0" timestamp="12 Nov 2013 21:07:02 GMT" time="31.175" errors="0">
  <testcase name="testLink" time="31.175" classname="Test01"/>
</testsuite> <!-- Test01 -->
